<?xml version="1.0" encoding="UTF-8"?>
<testng-results ignored="0" total="1" passed="1" failed="0" skipped="0">
  <reporter-output>
  </reporter-output>
  <suite started-at="2023-04-19T20:11:24 IST" name="Default suite" finished-at="2023-04-19T20:11:24 IST" duration-ms="65">
    <groups>
    </groups>
    <test started-at="2023-04-19T20:11:24 IST" name="Default test" finished-at="2023-04-19T20:11:24 IST" duration-ms="65">
      <class name="Practice.Demo">
        <test-method signature="method()[pri:0, instance:Practice.Demo@2e222612]" started-at="2023-04-19T20:11:24 IST" name="method" finished-at="2023-04-19T20:11:24 IST" duration-ms="11" status="PASS">
          <reporter-output>
          </reporter-output>
        </test-method> <!-- method -->
      </class> <!-- Practice.Demo -->
    </test> <!-- Default test -->
  </suite> <!-- Default suite -->
</testng-results>
